[NX Daemon Server] - 2024-07-07T04:26:06.268Z - Started listening on: /var/folders/97/clsb7vf11w90x_r2bm66_vrc0000gn/T/64b2e2c0687c619d37ae/d.sock
[NX Daemon Server] - 2024-07-07T04:26:06.279Z - [WATCHER]: Subscribed to changes within: /Users/zero2hero/Code/mantis-projects/mantis-ui (native)
[NX Daemon Server] - 2024-07-07T04:26:06.280Z - Established a connection. Number of open connections: 1
[NX Daemon Server] - 2024-07-07T04:26:06.281Z - Established a connection. Number of open connections: 2
[NX Daemon Server] - 2024-07-07T04:26:06.282Z - Closed a connection. Number of open connections: 1
[NX Daemon Server] - 2024-07-07T04:26:06.284Z - [REQUEST]: Client Request for Project Graph Received
[NX Daemon Server] - 2024-07-07T04:26:06.407Z - [REQUEST]: Updated workspace context based on watched changes, recomputing project graph...
[NX Daemon Server] - 2024-07-07T04:26:06.407Z - [REQUEST]: 
[NX Daemon Server] - 2024-07-07T04:26:06.407Z - [REQUEST]: 
[NX Daemon Server] - 2024-07-07T04:26:08.744Z - [REQUEST]: Responding to the client. project-graph
[NX Daemon Server] - 2024-07-07T04:26:08.746Z - Time taken for 'total for creating and serializing project graph' 2460.0319998264313ms
[NX Daemon Server] - 2024-07-07T04:26:08.750Z - Done responding to the client project-graph
[NX Daemon Server] - 2024-07-07T04:26:08.750Z - Handled REQUEST_PROJECT_GRAPH. Handling time: 2460. Response time: 6.
[NX Daemon Server] - 2024-07-07T04:26:08.814Z - [REQUEST]: Responding to the client. handleHashTasks
[NX Daemon Server] - 2024-07-07T04:26:08.815Z - Done responding to the client handleHashTasks
[NX Daemon Server] - 2024-07-07T04:26:08.815Z - Handled HASH_TASKS. Handling time: 50. Response time: 1.
[NX Daemon Server] - 2024-07-07T04:26:09.179Z - Established a connection. Number of open connections: 2
[NX Daemon Server] - 2024-07-07T04:26:09.181Z - Established a connection. Number of open connections: 3
[NX Daemon Server] - 2024-07-07T04:26:09.181Z - Closed a connection. Number of open connections: 2
[NX Daemon Server] - 2024-07-07T04:26:09.182Z - [REQUEST]: Client Request for Project Graph Received
[NX Daemon Server] - 2024-07-07T04:26:09.183Z - [REQUEST]: Responding to the client. project-graph
[NX Daemon Server] - 2024-07-07T04:26:09.183Z - Time taken for 'total for creating and serializing project graph' 0.36841583251953125ms
[NX Daemon Server] - 2024-07-07T04:26:09.191Z - Done responding to the client project-graph
[NX Daemon Server] - 2024-07-07T04:26:09.191Z - Handled REQUEST_PROJECT_GRAPH. Handling time: 1. Response time: 8.
[NX Daemon Server] - 2024-07-07T04:26:09.952Z - [WATCHER]: Processing file changes in outputs
[NX Daemon Server] - 2024-07-07T04:26:10.076Z - [WATCHER]: Processing file changes in outputs
[NX Daemon Server] - 2024-07-07T04:26:14.275Z - [WATCHER]: Processing file changes in outputs
[NX Daemon Server] - 2024-07-07T04:26:40.890Z - [WATCHER]: Processing file changes in outputs
[NX Daemon Server] - 2024-07-07T04:26:40.895Z - [WATCHER]: apps/mantis-ui/src/app/dashboard.page.ts was modified
[NX Daemon Server] - 2024-07-07T04:26:40.998Z - [REQUEST]: Updated workspace context based on watched changes, recomputing project graph...
[NX Daemon Server] - 2024-07-07T04:26:40.998Z - [REQUEST]: apps/mantis-ui/src/app/dashboard.page.ts
[NX Daemon Server] - 2024-07-07T04:26:40.999Z - [REQUEST]: 
[NX Daemon Server] - 2024-07-07T04:26:41.288Z - Time taken for 'hash changed files from watcher' 0.9677910804748535ms
[NX Daemon Server] - 2024-07-07T04:26:42.322Z - [WATCHER]: Processing file changes in outputs
[NX Daemon Server] - 2024-07-07T04:26:42.996Z - [WATCHER]: Processing file changes in outputs
[NX Daemon Server] - 2024-07-07T04:26:46.524Z - [WATCHER]: Processing file changes in outputs
[NX Daemon Server] - 2024-07-07T04:26:49.788Z - Closed a connection. Number of open connections: 1
[NX Daemon Server] - 2024-07-07T04:26:49.830Z - [REQUEST]: Responding to the client. recordOutputsHash
[NX Daemon Server] - 2024-07-07T04:26:49.830Z - Done responding to the client recordOutputsHash
[NX Daemon Server] - 2024-07-07T04:26:49.831Z - Handled RECORD_OUTPUTS_HASH. Handling time: 1. Response time: 1.
[NX Daemon Server] - 2024-07-07T04:26:49.841Z - [REQUEST]: Responding to the client. handleWriteTaskRunsToHistory
[NX Daemon Server] - 2024-07-07T04:26:49.841Z - Done responding to the client handleWriteTaskRunsToHistory
[NX Daemon Server] - 2024-07-07T04:26:49.841Z - Handled WRITE_TASK_RUNS_TO_HISTORY. Handling time: 1. Response time: 0.
[NX Daemon Server] - 2024-07-07T04:26:49.844Z - [REQUEST]: Responding to the client. handleGetTaskHistoryForHashes
[NX Daemon Server] - 2024-07-07T04:26:49.844Z - Done responding to the client handleGetTaskHistoryForHashes
[NX Daemon Server] - 2024-07-07T04:26:49.844Z - Handled GET_TASK_HISTORY_FOR_HASHES. Handling time: 1. Response time: 0.
[NX Daemon Server] - 2024-07-07T04:26:49.852Z - Closed a connection. Number of open connections: 0
[NX Daemon Server] - 2024-07-07T04:28:01.963Z - Established a connection. Number of open connections: 1
[NX Daemon Server] - 2024-07-07T04:28:01.964Z - Closed a connection. Number of open connections: 0
[NX Daemon Server] - 2024-07-07T04:28:01.964Z - Established a connection. Number of open connections: 1
[NX Daemon Server] - 2024-07-07T04:28:01.967Z - [REQUEST]: Client Request for Project Graph Received
[NX Daemon Server] - 2024-07-07T04:28:01.968Z - [REQUEST]: Responding to the client. project-graph
[NX Daemon Server] - 2024-07-07T04:28:01.969Z - Time taken for 'total for creating and serializing project graph' 0.6361660957336426ms
[NX Daemon Server] - 2024-07-07T04:28:01.972Z - Done responding to the client project-graph
[NX Daemon Server] - 2024-07-07T04:28:01.972Z - Handled REQUEST_PROJECT_GRAPH. Handling time: 1. Response time: 4.
[NX Daemon Server] - 2024-07-07T04:28:02.004Z - [REQUEST]: Responding to the client. handleHashTasks
[NX Daemon Server] - 2024-07-07T04:28:02.004Z - Done responding to the client handleHashTasks
[NX Daemon Server] - 2024-07-07T04:28:02.004Z - Handled HASH_TASKS. Handling time: 22. Response time: 0.
[NX Daemon Server] - 2024-07-07T04:28:02.383Z - Established a connection. Number of open connections: 2
[NX Daemon Server] - 2024-07-07T04:28:02.385Z - Closed a connection. Number of open connections: 1
[NX Daemon Server] - 2024-07-07T04:28:02.385Z - Established a connection. Number of open connections: 2
[NX Daemon Server] - 2024-07-07T04:28:02.388Z - [REQUEST]: Client Request for Project Graph Received
[NX Daemon Server] - 2024-07-07T04:28:02.389Z - [REQUEST]: Responding to the client. project-graph
[NX Daemon Server] - 2024-07-07T04:28:02.390Z - Time taken for 'total for creating and serializing project graph' 0.5675828456878662ms
[NX Daemon Server] - 2024-07-07T04:28:02.399Z - Done responding to the client project-graph
[NX Daemon Server] - 2024-07-07T04:28:02.399Z - Handled REQUEST_PROJECT_GRAPH. Handling time: 1. Response time: 10.
[NX Daemon Server] - 2024-07-07T04:28:07.480Z - [WATCHER]: Processing file changes in outputs
[NX Daemon Server] - 2024-07-07T04:28:08.538Z - [WATCHER]: Processing file changes in outputs
[NX Daemon Server] - 2024-07-07T04:28:12.634Z - [WATCHER]: Processing file changes in outputs
[NX Daemon Server] - 2024-07-07T04:28:14.948Z - [WATCHER]: Processing file changes in outputs
